<?xml version="1.0" encoding="UTF-8"?>
<!-- Generated by org.testng.reporters.JUnitXMLReporter -->
<testsuite hostname="DESKTOP-5PRV2GL" ignored="0" tests="4" failures="0" timestamp="2021-12-02T12:26:11 IST" time="12.195" errors="0">
  <testcase name="test01_verifyAdd" time="2.358" classname="CalcDesktop"/>
  <testcase name="test01_verifyDivide" time="2.38" classname="CalcDesktop"/>
  <testcase name="test01_verifyMultiply" time="2.655" classname="CalcDesktop"/>
  <testcase name="test02_verifySubtract" time="2.779" classname="CalcDesktop"/>
</testsuite>
