<?xml version="1.0" encoding="UTF-8"?>
<!-- Generated by org.testng.reporters.JUnitXMLReporter -->
<testsuite hostname="DESKTOP-5PRV2GL" ignored="0" tests="9" failures="0" timestamp="2021-12-01T19:50:53 IST" time="63.601" errors="0">
  <testcase name="test01" time="3.427" classname="GrafanaWeb"/>
  <testcase name="test02" time="2.717" classname="GrafanaWeb"/>
  <testcase name="test02" time="2.143" classname="GrafanaWeb"/>
  <testcase name="test02" time="2.244" classname="GrafanaWeb"/>
  <testcase name="test02" time="2.441" classname="GrafanaWeb"/>
  <testcase name="test02" time="3.397" classname="GrafanaWeb"/>
  <testcase name="test03" time="22.28" classname="GrafanaWeb"/>
  <testcase name="test04" time="1.156" classname="GrafanaWeb"/>
  <testcase name="test05" time="15.965" classname="GrafanaWeb"/>
</testsuite>
