<?xml version="1.0" encoding="UTF-8"?>
<!-- Generated by org.testng.reporters.JUnitXMLReporter -->
<testsuite hostname="DESKTOP-5PRV2GL" ignored="0" tests="4" failures="0" timestamp="2021-12-01T20:01:46 IST" time="4.782" errors="0">
  <testcase name="test01_verifyList" time="1.53" classname="GrafanaAPI"/>
  <testcase name="test02_verifyUserExist" time="0.039" classname="GrafanaAPI"/>
  <testcase name="test03_LoginAndVerify" time="0.108" classname="GrafanaAPI"/>
  <testcase name="test04_verifyEmailUpdate" time="0.036" classname="GrafanaAPI"/>
</testsuite>
