<?xml version="1.0" encoding="UTF-8"?>
<testng-results skipped="0" failed="0" ignored="0" total="4" passed="4">
  <reporter-output>
  </reporter-output>
  <suite name="Suite" duration-ms="12195" started-at="2021-12-02T12:25:59 IST" finished-at="2021-12-02T12:26:11 IST">
    <groups>
    </groups>
    <test name="Desktop" duration-ms="12195" started-at="2021-12-02T12:25:59 IST" finished-at="2021-12-02T12:26:11 IST">
      <class name="CalcDesktop">
        <test-method status="PASS" signature="startSession(java.lang.String,java.lang.String)[pri:0, instance:CalcDesktop@4a951911]" name="startSession" is-config="true" duration-ms="1631" started-at="2021-12-02T12:25:59 IST" finished-at="2021-12-02T12:26:00 IST">
          <params>
            <param index="0">
              <value>
                <![CDATA[desktop]]>
              </value>
            </param>
            <param index="1">
              <value>
                <![CDATA[chrome]]>
              </value>
            </param>
          </params>
          <reporter-output>
          </reporter-output>
        </test-method> <!-- startSession -->
        <test-method status="PASS" signature="beforeMethod(java.lang.String,java.lang.reflect.Method)[pri:0, instance:CalcDesktop@4a951911]" name="beforeMethod" is-config="true" duration-ms="171" started-at="2021-12-02T12:26:00 IST" finished-at="2021-12-02T12:26:00 IST">
          <params>
            <param index="0">
              <value>
                <![CDATA[desktop]]>
              </value>
            </param>
            <param index="1">
              <value>
                <![CDATA[public void CalcDesktop.test01_verifyAdd()]]>
              </value>
            </param>
          </params>
          <reporter-output>
          </reporter-output>
        </test-method> <!-- beforeMethod -->
        <test-method status="PASS" signature="test01_verifyAdd()[pri:0, instance:CalcDesktop@4a951911]" name="test01_verifyAdd" duration-ms="2358" started-at="2021-12-02T12:26:01 IST" finished-at="2021-12-02T12:26:03 IST">
          <reporter-output>
          </reporter-output>
        </test-method> <!-- test01_verifyAdd -->
        <test-method status="PASS" signature="beforeMethod(java.lang.String,java.lang.reflect.Method)[pri:0, instance:CalcDesktop@4a951911]" name="beforeMethod" is-config="true" duration-ms="5" started-at="2021-12-02T12:26:03 IST" finished-at="2021-12-02T12:26:03 IST">
          <params>
            <param index="0">
              <value>
                <![CDATA[desktop]]>
              </value>
            </param>
            <param index="1">
              <value>
                <![CDATA[public void CalcDesktop.test01_verifyDivide()]]>
              </value>
            </param>
          </params>
          <reporter-output>
          </reporter-output>
        </test-method> <!-- beforeMethod -->
        <test-method status="PASS" signature="test01_verifyDivide()[pri:0, instance:CalcDesktop@4a951911]" name="test01_verifyDivide" duration-ms="2380" started-at="2021-12-02T12:26:03 IST" finished-at="2021-12-02T12:26:05 IST">
          <reporter-output>
          </reporter-output>
        </test-method> <!-- test01_verifyDivide -->
        <test-method status="PASS" signature="beforeMethod(java.lang.String,java.lang.reflect.Method)[pri:0, instance:CalcDesktop@4a951911]" name="beforeMethod" is-config="true" duration-ms="9" started-at="2021-12-02T12:26:05 IST" finished-at="2021-12-02T12:26:05 IST">
          <params>
            <param index="0">
              <value>
                <![CDATA[desktop]]>
              </value>
            </param>
            <param index="1">
              <value>
                <![CDATA[public void CalcDesktop.test01_verifyMultiply()]]>
              </value>
            </param>
          </params>
          <reporter-output>
          </reporter-output>
        </test-method> <!-- beforeMethod -->
        <test-method status="PASS" signature="test01_verifyMultiply()[pri:0, instance:CalcDesktop@4a951911]" name="test01_verifyMultiply" duration-ms="2655" started-at="2021-12-02T12:26:05 IST" finished-at="2021-12-02T12:26:08 IST">
          <reporter-output>
          </reporter-output>
        </test-method> <!-- test01_verifyMultiply -->
        <test-method status="PASS" signature="beforeMethod(java.lang.String,java.lang.reflect.Method)[pri:0, instance:CalcDesktop@4a951911]" name="beforeMethod" is-config="true" duration-ms="11" started-at="2021-12-02T12:26:08 IST" finished-at="2021-12-02T12:26:08 IST">
          <params>
            <param index="0">
              <value>
                <![CDATA[desktop]]>
              </value>
            </param>
            <param index="1">
              <value>
                <![CDATA[public void CalcDesktop.test02_verifySubtract()]]>
              </value>
            </param>
          </params>
          <reporter-output>
          </reporter-output>
        </test-method> <!-- beforeMethod -->
        <test-method status="PASS" signature="test02_verifySubtract()[pri:0, instance:CalcDesktop@4a951911]" name="test02_verifySubtract" duration-ms="2779" started-at="2021-12-02T12:26:08 IST" finished-at="2021-12-02T12:26:11 IST">
          <reporter-output>
          </reporter-output>
        </test-method> <!-- test02_verifySubtract -->
        <test-method status="PASS" signature="closeSession(java.lang.String)[pri:0, instance:CalcDesktop@4a951911]" name="closeSession" is-config="true" duration-ms="55" started-at="2021-12-02T12:26:11 IST" finished-at="2021-12-02T12:26:11 IST">
          <params>
            <param index="0">
              <value>
                <![CDATA[desktop]]>
              </value>
            </param>
          </params>
          <reporter-output>
          </reporter-output>
        </test-method> <!-- closeSession -->
      </class> <!-- CalcDesktop -->
    </test> <!-- Desktop -->
  </suite> <!-- Suite -->
</testng-results>
